<?xml version="1.0" encoding="UTF-8"?>
<!-- Generated by org.testng.reporters.JUnitReportReporter -->
<testsuite hostname="DMatrix" failures="0" tests="2" name="dhaneshproject.tests.ErrorValidation" time="13.768" errors="0" timestamp="2024-12-06T08:38:10 IST" skipped="0">
  <testcase classname="dhaneshproject.tests.ErrorValidation" name="loginErrorValidation" time="6.924"/>
  <testcase classname="dhaneshproject.tests.ErrorValidation" name="productErrorValidation" time="6.844"/>
</testsuite> <!-- dhaneshproject.tests.ErrorValidation -->
