<?xml version="1.0" encoding="UTF-8"?>
<!-- Generated by org.testng.reporters.JUnitReportReporter -->
<testsuite hostname="DMatrix" failures="0" tests="2" name="dhaneshproject.tests.ErrorValidationTest" time="10.662" errors="0" timestamp="2025-03-01T08:34:45 IST" skipped="0">
  <testcase classname="dhaneshproject.tests.ErrorValidationTest" name="loginErrorValidation" time="3.461"/>
  <testcase classname="dhaneshproject.tests.ErrorValidationTest" name="productErrorValidation" time="7.201"/>
</testsuite> <!-- dhaneshproject.tests.ErrorValidationTest -->
