<?xml version="1.0" encoding="UTF-8"?>
<!-- Generated by org.testng.reporters.JUnitReportReporter -->
<testsuite hostname="DMatrix" failures="0" tests="2" name="dhaneshproject.tests.SampleTest" time="7.063" errors="0" timestamp="2024-12-04T15:15:11 IST" skipped="0">
  <testcase classname="dhaneshproject.tests.SampleTest" name="getHandle" time="3.842"/>
  <testcase classname="dhaneshproject.tests.SampleTest" name="getTitle" time="3.221"/>
</testsuite> <!-- dhaneshproject.tests.SampleTest -->
