<?xml version="1.0" encoding="UTF-8"?>
<!-- Generated by org.testng.reporters.JUnitReportReporter -->
<testsuite hostname="DMatrix" failures="0" tests="1" name="cucumber.TestNGTestRunner" time="7.765" errors="0" timestamp="2024-12-21T14:11:00 IST" skipped="0">
  <testcase classname="cucumber.TestNGTestRunner" name="runScenario" time="7.765"/>
</testsuite> <!-- cucumber.TestNGTestRunner -->
