<?xml version="1.0" encoding="UTF-8"?>
<!-- Generated by org.testng.reporters.JUnitReportReporter -->
<testsuite hostname="DMatrix" failures="0" tests="3" name="dhaneshproject.tests.SubmitOrderTest" time="25.622" errors="0" timestamp="2024-12-13T15:08:00 IST" skipped="0">
  <testcase classname="dhaneshproject.tests.SubmitOrderTest" name="orderHistory" time="6.075"/>
  <testcase classname="dhaneshproject.tests.SubmitOrderTest" name="submitOrder" time="11.524"/>
  <testcase classname="dhaneshproject.tests.SubmitOrderTest" name="submitOrder" time="8.023"/>
</testsuite> <!-- dhaneshproject.tests.SubmitOrderTest -->
