<?xml version="1.0" encoding="UTF-8"?>
<!-- Generated by org.testng.reporters.JUnitReportReporter -->
<testsuite hostname="DMatrix" failures="0" tests="1" name="dhaneshproject.tests.ErrorValidationTest" time="4.497" errors="0" timestamp="2024-12-16T14:25:30 IST" skipped="0">
  <testcase classname="dhaneshproject.tests.ErrorValidationTest" name="loginErrorValidation" time="4.497"/>
</testsuite> <!-- dhaneshproject.tests.ErrorValidationTest -->
