<?xml version="1.0" encoding="UTF-8"?>
<!-- Generated by org.testng.reporters.JUnitReportReporter -->
<testsuite hostname="DMatrix" failures="0" tests="2" name="dhaneshproject.tests.ErrorValidationTest" time="20.059" errors="0" timestamp="2025-03-02T09:04:37 IST" skipped="0">
  <testcase classname="dhaneshproject.tests.ErrorValidationTest" name="productErrorValidation" time="12.128"/>
  <testcase classname="dhaneshproject.tests.ErrorValidationTest" name="loginErrorValidation" time="7.931"/>
</testsuite> <!-- dhaneshproject.tests.ErrorValidationTest -->
