<?xml version="1.0" encoding="UTF-8"?>
<!-- Generated by org.testng.reporters.JUnitReportReporter -->
<testsuite hostname="DMatrix" failures="0" tests="3" name="dhaneshproject.tests.SubmitOrderTest" time="20.726" errors="0" timestamp="2024-12-18T14:27:28 IST" skipped="0">
  <testcase classname="dhaneshproject.tests.SubmitOrderTest" name="submitOrder" time="8.421"/>
  <testcase classname="dhaneshproject.tests.SubmitOrderTest" name="orderHistory" time="3.617"/>
  <testcase classname="dhaneshproject.tests.SubmitOrderTest" name="submitOrder" time="8.688"/>
</testsuite> <!-- dhaneshproject.tests.SubmitOrderTest -->
