<?xml version="1.0" encoding="UTF-8"?>
<!-- Generated by org.testng.reporters.JUnitReportReporter -->
<testsuite hostname="DMatrix" failures="0" tests="2" name="dhaneshproject.tests.SampleTest" time="6.816" errors="0" timestamp="2025-02-28T09:03:06 IST" skipped="0">
  <testcase classname="dhaneshproject.tests.SampleTest" name="getTitle" time="3.457"/>
  <testcase classname="dhaneshproject.tests.SampleTest" name="getHandle" time="3.359"/>
</testsuite> <!-- dhaneshproject.tests.SampleTest -->
