<?xml version="1.0" encoding="UTF-8"?>
<!-- Generated by org.testng.reporters.JUnitReportReporter -->
<testsuite hostname="DMatrix" failures="0" tests="2" name="dhaneshproject.tests.SampleTest" time="6.660" errors="0" timestamp="2024-12-14T14:56:52 IST" skipped="0">
  <testcase classname="dhaneshproject.tests.SampleTest" name="getTitle" time="3.160"/>
  <testcase classname="dhaneshproject.tests.SampleTest" name="getHandle" time="3.500"/>
</testsuite> <!-- dhaneshproject.tests.SampleTest -->
