<?xml version="1.0" encoding="UTF-8"?>
<!-- Generated by org.testng.reporters.JUnitReportReporter -->
<testsuite hostname="DMatrix" failures="0" tests="2" name="dhaneshproject.tests.ErrorValidationTest" time="13.201" errors="0" timestamp="2024-12-18T14:27:28 IST" skipped="0">
  <testcase classname="dhaneshproject.tests.ErrorValidationTest" name="loginErrorValidation" time="6.699"/>
  <testcase classname="dhaneshproject.tests.ErrorValidationTest" name="productErrorValidation" time="6.502"/>
</testsuite> <!-- dhaneshproject.tests.ErrorValidationTest -->
