<?xml version="1.0" encoding="UTF-8"?>
<!-- Generated by org.testng.reporters.JUnitReportReporter -->
<testsuite hostname="DMatrix" failures="0" tests="1" name="cucumber.TestNGTestRunner" time="11.465" errors="0" timestamp="2025-02-28T09:03:06 IST" skipped="0">
  <testcase classname="cucumber.TestNGTestRunner" name="runScenario" time="11.465"/>
</testsuite> <!-- cucumber.TestNGTestRunner -->
