<?xml version="1.0" encoding="UTF-8"?>
<!-- Generated by org.testng.reporters.JUnitReportReporter -->
<testsuite hostname="DMatrix" failures="0" tests="2" name="dhaneshproject.tests.SubmitOrderTest" time="23.774" errors="0" timestamp="2025-03-02T08:59:15 IST" skipped="0">
  <testcase classname="dhaneshproject.tests.SubmitOrderTest" name="submitOrder" time="12.674"/>
  <testcase classname="dhaneshproject.tests.SubmitOrderTest" name="submitOrder" time="11.100"/>
</testsuite> <!-- dhaneshproject.tests.SubmitOrderTest -->
